<?xml version="1.0" encoding="UTF-8"?>
<testsuite xmlns:xsi="http://www.w3.org/2001/XMLSchema-instance" xsi:noNamespaceSchemaLocation="https://maven.apache.org/surefire/maven-surefire-plugin/xsd/surefire-test-report.xsd" name="com.patterns.strategy.strategies.BubbleSortTest" time="0.043" tests="3" errors="0" skipped="0" failures="0">
  <properties>
[...]
</properties>
  <testcase name="testSortEmptyArray" classname="com.patterns.strategy.strategies.BubbleSortTest" time="0.033"/>
  <testcase name="testSort" classname="com.patterns.strategy.strategies.BubbleSortTest" time="0"/>
  <testcase name="testSortSingleElementArray" classname="com.patterns.strategy.strategies.BubbleSortTest" time="0.001"/>
</testsuite>